<?xml version="1.0" encoding="UTF-8"?>
<testng-results ignored="0" total="1" passed="1" failed="0" skipped="0">
  <reporter-output>
  </reporter-output>
  <suite started-at="2024-11-13T09:46:43 IST" name="Default suite" finished-at="2024-11-13T09:46:48 IST" duration-ms="4979">
    <groups>
    </groups>
    <test started-at="2024-11-13T09:46:43 IST" name="Default test" finished-at="2024-11-13T09:46:48 IST" duration-ms="4979">
      <class name="NewClass">
        <test-method is-config="true" signature="setup()[pri:0, instance:NewClass@10d307f1]" started-at="2024-11-13T09:46:43 IST" name="setup" finished-at="2024-11-13T09:46:46 IST" duration-ms="2734" status="PASS">
          <reporter-output>
          </reporter-output>
        </test-method> <!-- setup -->
        <test-method signature="newtest()[pri:0, instance:NewClass@10d307f1]" started-at="2024-11-13T09:46:46 IST" name="newtest" finished-at="2024-11-13T09:46:48 IST" duration-ms="2190" status="PASS">
          <reporter-output>
          </reporter-output>
        </test-method> <!-- newtest -->
      </class> <!-- NewClass -->
    </test> <!-- Default test -->
  </suite> <!-- Default suite -->
</testng-results>
